<?xml version="1.0" encoding="UTF-8" ?>
<testsuite errors="0" failures="0" hostname="victor-PC" name="yosydev.EstadoUsuarioTests" tests="1" time="0.011" timestamp="2012-01-22T11:43:00">
  <properties />
  <testcase classname="yosydev.EstadoUsuarioTests" name="testSomething" time="0.003" />
  <system-out><![CDATA[--Output from testSomething--
]]></system-out>
  <system-err><![CDATA[--Output from testSomething--
]]></system-err>
</testsuite>
