<?xml version="1.0" encoding="UTF-8" ?>
<testsuite errors="0" failures="0" hostname="victor-PC" name="org.yosy.UsuarioControllerTests" tests="1" time="1.322" timestamp="2012-01-22T11:42:58">
  <properties />
  <testcase classname="org.yosy.UsuarioControllerTests" name="testSomething" time="1.297" />
  <system-out><![CDATA[--Output from testSomething--
]]></system-out>
  <system-err><![CDATA[--Output from testSomething--
]]></system-err>
</testsuite>
